<?xml version="1.0" encoding="UTF-8" ?>
<testsuite tests="1" failures="0" name="com.zp.hive.udf.BaseFieldUdfTest" time="0.018" errors="0" skipped="0">
  <properties>
    <property name="idea.version" value="2018.2.5"/>
    <property name="java.runtime.name" value="OpenJDK Runtime Environment"/>
    <property name="sun.boot.library.path" value="C:\Program Files\Java\jdk-1.8.0\jre\bin"/>
    <property name="java.vm.version" value="25.201-b09"/>
    <property name="java.vm.vendor" value="Oracle Corporation"/>
    <property name="maven.multiModuleProjectDirectory" value="D:\repo\local\idea-workspace\demo\zp-hive-udf-base-field-udf"/>
    <property name="java.vendor.url" value="http://java.oracle.com/"/>
    <property name="path.separator" value=";"/>
    <property name="guice.disable.misplaced.annotation.check" value="true"/>
    <property name="java.vm.name" value="OpenJDK 64-Bit Server VM"/>
    <property name="file.encoding.pkg" value="sun.io"/>
    <property name="user.script" value=""/>
    <property name="user.country" value="CN"/>
    <property name="sun.java.launcher" value="SUN_STANDARD"/>
    <property name="sun.os.patch.level" value=""/>
    <property name="java.vm.specification.name" value="Java Virtual Machine Specification"/>
    <property name="user.dir" value="D:\repo\local\idea-workspace\demo\zp-hive-udf-base-field-udf"/>
    <property name="java.runtime.version" value="1.8.0_201-2-redhat-b09"/>
    <property name="java.awt.graphicsenv" value="sun.awt.Win32GraphicsEnvironment"/>
    <property name="java.endorsed.dirs" value="C:\Program Files\Java\jdk-1.8.0\jre\lib\endorsed"/>
    <property name="os.arch" value="amd64"/>
    <property name="java.io.tmpdir" value="C:\Users\ADMINI~1\AppData\Local\Temp\"/>
    <property name="line.separator" value="
"/>
    <property name="java.vm.specification.vendor" value="Oracle Corporation"/>
    <property name="user.variant" value=""/>
    <property name="os.name" value="Windows 10"/>
    <property name="classworlds.conf" value="D:\software\program\IntelliJ IDEA 2018.2.5\plugins\maven\lib\maven3\bin\m2.conf"/>
    <property name="sun.jnu.encoding" value="GBK"/>
    <property name="java.library.path" value="C:\Program Files\Java\jdk-1.8.0\bin;C:\Windows\Sun\Java\bin;C:\Windows\system32;C:\Windows;C:\Program Files (x86)\Common Files\Oracle\Java\javapath;C:\Program Files (x86)\Common Files\NetSarang;C:\Windows\system32;C:\Windows;C:\Windows\System32\Wbem;C:\Windows\System32\WindowsPowerShell\v1.0\;C:\Windows\System32\OpenSSH\;D:\software\program\Git\cmd;C:\Program Files\MySQL\MySQL Utilities 1.6\;C:\Program Files (x86)\NVIDIA Corporation\PhysX\Common;C:\Program Files\NVIDIA Corporation\NVIDIA NvDLISR;%JAVA_HOME%\bin;C:\Program Files\Go\bin;D:\software\program\SPSS\JRE\bin;D:\software\program\Nodejs\;D:\software\program\CMake\bin;C:\Program Files (x86)\scala\bin;D:\sbt\bin;D:\software\program\Graphviz\bin;D:\software\program\Python\Scripts\;D:\software\program\Python\;C:\Users\Administrator\AppData\Local\Microsoft\WindowsApps;C:\Program Files\Java\jdk-1.8.0\bin;D:\software\program\Scala\scala-2.11.8\bin;D:\maven\maven-3.6.0\bin;D:\software\program\Microsoft VS Code\bin;E:\tmp\local\hadoop_home_bin\bin;D:\maven\nexus-3.14.0-04-win64\nexus-3.14.0-04\bin;D:\software\program\MySQL\bin;D:\software\program\PhpStorm\bin;D:\software\program\Nodejs\node_global;D:\software\program\Anaconda3\Scripts;D:\software\program\Anaconda3;D:\software\program\Anaconda3\Library\bin;D:\software\program\Fiddler;C:\Users\Administrator\go\bin;D:\gradle\gradle-5.4.1\bin;D:\software\program\MongDB\bin;C:\Users\Administrator\AppData\Roaming\npm;D:\software\program\CLion 2019.1.4\bin;;C:\Program Files\Erl10.3\bin;D:\software\program\Cygwin\bin;D:\source\Spark\spark-2.4.3-bin-hadoop2.7\bin;D:\source\Spark\spark-2.4.3-bin-hadoop2.7\python;;."/>
    <property name="java.specification.name" value="Java Platform API Specification"/>
    <property name="java.class.version" value="52.0"/>
    <property name="sun.management.compiler" value="HotSpot 64-Bit Tiered Compilers"/>
    <property name="os.version" value="10.0"/>
    <property name="user.home" value="C:\Users\Administrator"/>
    <property name="user.timezone" value="Asia/Shanghai"/>
    <property name="java.awt.printerjob" value="sun.awt.windows.WPrinterJob"/>
    <property name="java.specification.version" value="1.8"/>
    <property name="file.encoding" value="UTF-8"/>
    <property name="user.name" value="Joker"/>
    <property name="java.class.path" value="D:\software\program\IntelliJ IDEA 2018.2.5\plugins\maven\lib\maven3\boot\plexus-classworlds-2.5.2.jar;D:\software\program\IntelliJ IDEA 2018.2.5\lib\idea_rt.jar"/>
    <property name="java.vm.specification.version" value="1.8"/>
    <property name="sun.arch.data.model" value="64"/>
    <property name="java.home" value="C:\Program Files\Java\jdk-1.8.0\jre"/>
    <property name="sun.java.command" value="org.codehaus.classworlds.Launcher -Didea.version=2018.2.5 -s D:\build\maven\settings.xml package"/>
    <property name="java.specification.vendor" value="Oracle Corporation"/>
    <property name="user.language" value="zh"/>
    <property name="awt.toolkit" value="sun.awt.windows.WToolkit"/>
    <property name="java.vm.info" value="mixed mode"/>
    <property name="java.version" value="1.8.0_201-2-redhat"/>
    <property name="java.ext.dirs" value="C:\Program Files\Java\jdk-1.8.0\jre\lib\ext;C:\Windows\Sun\Java\lib\ext"/>
    <property name="sun.boot.class.path" value="C:\Program Files\Java\jdk-1.8.0\jre\lib\resources.jar;C:\Program Files\Java\jdk-1.8.0\jre\lib\rt.jar;C:\Program Files\Java\jdk-1.8.0\jre\lib\sunrsasign.jar;C:\Program Files\Java\jdk-1.8.0\jre\lib\jsse.jar;C:\Program Files\Java\jdk-1.8.0\jre\lib\jce.jar;C:\Program Files\Java\jdk-1.8.0\jre\lib\charsets.jar;C:\Program Files\Java\jdk-1.8.0\jre\lib\jfr.jar;C:\Program Files\Java\jdk-1.8.0\jre\classes"/>
    <property name="java.vendor" value="Oracle Corporation"/>
    <property name="maven.home" value="D:\software\program\IntelliJ IDEA 2018.2.5\plugins\maven\lib\maven3"/>
    <property name="file.separator" value="\"/>
    <property name="java.vendor.url.bug" value="http://bugreport.sun.com/bugreport/"/>
    <property name="sun.cpu.endian" value="little"/>
    <property name="sun.io.unicode.encoding" value="UnicodeLittle"/>
    <property name="sun.desktop" value="windows"/>
    <property name="sun.cpu.isalist" value="amd64"/>
  </properties>
  <testcase classname="com.zp.hive.udf.BaseFieldUdfTest" name="evaluate" time="0.018"/>
</testsuite>